{"total": {"lines":{"total":24,"covered":22,"skipped":0,"pct":91.67},"statements":{"total":26,"covered":24,"skipped":0,"pct":92.31},"functions":{"total":10,"covered":9,"skipped":0,"pct":90},"branches":{"total":4,"covered":2,"skipped":0,"pct":50}}
,"C:\\Users\\David BOTTIAU\\Documents\\GitHub\\react-admin-import-csv\\src\\csv-extractor.ts": {"lines":{"total":24,"covered":22,"skipped":0,"pct":91.67},"functions":{"total":10,"covered":9,"skipped":0,"pct":90},"statements":{"total":26,"covered":24,"skipped":0,"pct":92.31},"branches":{"total":4,"covered":2,"skipped":0,"pct":50}}
}
