{"total": {"lines":{"total":57,"covered":49,"skipped":0,"pct":85.96},"statements":{"total":64,"covered":55,"skipped":0,"pct":85.94},"functions":{"total":23,"covered":21,"skipped":0,"pct":91.3},"branches":{"total":24,"covered":17,"skipped":0,"pct":70.83}}
,"F:\\projects\\08.第三方库\\ra\\react-admin-import-csv\\src\\csv-extractor.ts": {"lines":{"total":37,"covered":29,"skipped":0,"pct":78.38},"functions":{"total":11,"covered":9,"skipped":0,"pct":81.82},"statements":{"total":40,"covered":31,"skipped":0,"pct":77.5},"branches":{"total":14,"covered":9,"skipped":0,"pct":64.29}}
,"F:\\projects\\08.第三方库\\ra\\react-admin-import-csv\\src\\uploader.ts": {"lines":{"total":20,"covered":20,"skipped":0,"pct":100},"functions":{"total":12,"covered":12,"skipped":0,"pct":100},"statements":{"total":24,"covered":24,"skipped":0,"pct":100},"branches":{"total":10,"covered":8,"skipped":0,"pct":80}}
}
